<?xml version="1.0" encoding="UTF-8"?>
<testsuite xmlns:xsi="http://www.w3.org/2001/XMLSchema-instance" xsi:noNamespaceSchemaLocation="https://maven.apache.org/surefire/maven-surefire-plugin/xsd/surefire-test-report-3.0.xsd" version="3.0" name="GoodFastCheapTest" time="0.035" tests="8" errors="0" skipped="0" failures="0">
  <properties>
    <property name="java.specification.version" value="17"/>
    <property name="sun.cpu.isalist" value="amd64"/>
    <property name="sun.jnu.encoding" value="Cp1252"/>
    <property name="java.class.path" value="F:\Graduate School\COSC603\In-Class Exercises\In-Class-Exercise-10\demo\target\test-classes;F:\Graduate School\COSC603\In-Class Exercises\In-Class-Exercise-10\demo\target\classes;C:\Users\emtay\.m2\repository\junit\junit\4.13.2\junit-4.13.2.jar;C:\Users\emtay\.m2\repository\org\hamcrest\hamcrest-core\1.3\hamcrest-core-1.3.jar;"/>
    <property name="java.vm.vendor" value="Amazon.com Inc."/>
    <property name="sun.arch.data.model" value="64"/>
    <property name="user.variant" value=""/>
    <property name="java.vendor.url" value="https://aws.amazon.com/corretto/"/>
    <property name="user.timezone" value="America/New_York"/>
    <property name="os.name" value="Windows 11"/>
    <property name="java.vm.specification.version" value="17"/>
    <property name="user.country" value="US"/>
    <property name="sun.java.launcher" value="SUN_STANDARD"/>
    <property name="sun.boot.library.path" value="C:\Program Files\Amazon Corretto\jdk17.0.15_6\bin"/>
    <property name="sun.java.command" value="C:\Users\emtay\AppData\Local\Temp\surefire1622359481393688065\surefirebooter-20250430202349203_3.jar C:\Users\emtay\AppData\Local\Temp\surefire1622359481393688065 2025-04-30T20-23-49_090-jvmRun1 surefire-20250430202349203_1tmp surefire_0-20250430202349203_2tmp"/>
    <property name="jdk.debug" value="release"/>
    <property name="test" value="GoodFastCheapTest"/>
    <property name="surefire.test.class.path" value="F:\Graduate School\COSC603\In-Class Exercises\In-Class-Exercise-10\demo\target\test-classes;F:\Graduate School\COSC603\In-Class Exercises\In-Class-Exercise-10\demo\target\classes;C:\Users\emtay\.m2\repository\junit\junit\4.13.2\junit-4.13.2.jar;C:\Users\emtay\.m2\repository\org\hamcrest\hamcrest-core\1.3\hamcrest-core-1.3.jar;"/>
    <property name="sun.cpu.endian" value="little"/>
    <property name="user.home" value="C:\Users\emtay"/>
    <property name="user.language" value="en"/>
    <property name="java.specification.vendor" value="Oracle Corporation"/>
    <property name="java.version.date" value="2025-04-15"/>
    <property name="java.home" value="C:\Program Files\Amazon Corretto\jdk17.0.15_6"/>
    <property name="file.separator" value="\"/>
    <property name="basedir" value="F:\Graduate School\COSC603\In-Class Exercises\In-Class-Exercise-10\demo"/>
    <property name="java.vm.compressedOopsMode" value="Zero based"/>
    <property name="line.separator" value="&#10;"/>
    <property name="java.vm.specification.vendor" value="Oracle Corporation"/>
    <property name="java.specification.name" value="Java Platform API Specification"/>
    <property name="surefire.real.class.path" value="C:\Users\emtay\AppData\Local\Temp\surefire1622359481393688065\surefirebooter-20250430202349203_3.jar"/>
    <property name="user.script" value=""/>
    <property name="sun.management.compiler" value="HotSpot 64-Bit Tiered Compilers"/>
    <property name="java.runtime.version" value="17.0.15+6-LTS"/>
    <property name="user.name" value="emtay"/>
    <property name="path.separator" value=";"/>
    <property name="os.version" value="10.0"/>
    <property name="java.runtime.name" value="OpenJDK Runtime Environment"/>
    <property name="file.encoding" value="Cp1252"/>
    <property name="java.vm.name" value="OpenJDK 64-Bit Server VM"/>
    <property name="java.vendor.version" value="Corretto-17.0.15.6.1"/>
    <property name="maven.ext.class.path" value="C:\Users\emtay\.vscode\extensions\oracle.oracle-java-24.0.0\nbcode\java\maven-nblib\netbeans-eventspy.jar"/>
    <property name="localRepository" value="C:\Users\emtay\.m2\repository"/>
    <property name="java.vendor.url.bug" value="https://github.com/corretto/corretto-17/issues/"/>
    <property name="java.io.tmpdir" value="C:\Users\emtay\AppData\Local\Temp\"/>
    <property name="java.version" value="17.0.15"/>
    <property name="user.dir" value="F:\Graduate School\COSC603\In-Class Exercises\In-Class-Exercise-10\demo"/>
    <property name="os.arch" value="amd64"/>
    <property name="java.vm.specification.name" value="Java Virtual Machine Specification"/>
    <property name="sun.os.patch.level" value=""/>
    <property name="native.encoding" value="Cp1252"/>
    <property name="java.library.path" value="C:\Program Files\Amazon Corretto\jdk17.0.15_6\bin;C:\WINDOWS\Sun\Java\bin;C:\WINDOWS\system32;C:\WINDOWS;C:\Program Files\Amazon Corretto\jdk17.0.15_6\bin;C:\Program Files\NVIDIA GPU Computing Toolkit\CUDA\v12.8\bin;C:\Program Files\NVIDIA GPU Computing Toolkit\CUDA\v12.8\libnvvp;C:\Python312\Scripts\;C:\Python312\;C:\Program Files\Microsoft\jdk-11.0.16.101-hotspot\bin;C:\Windows\system32;C:\Windows;C:\Windows\System32\Wbem;C:\Windows\System32\WindowsPowerShell\v1.0\;C:\Windows\System32\OpenSSH\;C:\Program Files\Microsoft SQL Server\150\Tools\Binn\;C:\Program Files\Microsoft SQL Server\Client SDK\ODBC\170\Tools\Binn\;C:\Program Files\dotnet\;C:\Program Files\apache-maven-3.9.5-bin\apache-maven-3.9.5\bin;C:\Program Files\Amazon\AWSCLIV2\;C:\Program Files\nodejs\;C:\ProgramData\chocolatey\bin;C:\Program Files\Kubernetes\Minikube;C:\minikube;C:\Program Files\RedHat\Podman\;C:\WINDOWS\system32;C:\WINDOWS;C:\WINDOWS\System32\Wbem;C:\WINDOWS\System32\WindowsPowerShell\v1.0\;C:\WINDOWS\System32\OpenSSH\;C:\cygwin64\bin;C:\msys64\ucrt64\bin;C:\Program Files\PuTTY\;C:\Program Files\NVIDIA Corporation\Nsight Compute 2025.1.1\;C:\Program Files\NVIDIA GPU Computing Toolkit\CUDA\v12.8\lib\x64;C:\Program Files\NVIDIA GPU Computing Toolkit\CUDA\v12.8\include;C:\Program Files\NVIDIA Corporation\NVIDIA app\NvDLISR;C:\Program Files (x86)\NVIDIA Corporation\PhysX\Common;C:\Program Files\Google\Chrome\Application\;C:\Program Files\Git\cmd;C:\Users\emtay\AppData\Local\Android\Sdk\cmdline-tools\latest\bin;C:\Users\emtay\AppData\Local\Android\Sdk\platform-tools;C:\Users\emtay\AppData\Local\Android\Sdk\emulator;;C:\Program Files\Docker\Docker\resources\bin;C:\Users\emtay\miniconda3;C:\Users\emtay\miniconda3\Library\mingw-w64\bin;C:\Users\emtay\miniconda3\Library\usr\bin;C:\Users\emtay\miniconda3\Library\bin;C:\Users\emtay\miniconda3\Scripts;C:\Program Files\Amazon Corretto\jdk17.0.15_6\bin;C:\Program Files\NVIDIA GPU Computing Toolkit\CUDA\v12.8\bin;C:\Program Files\NVIDIA GPU Computing Toolkit\CUDA\v12.8\libnvvp;C:\Python312\Scripts\;C:\Python312\;C:\Program Files\Microsoft\jdk-11.0.16.101-hotspot\bin;C:\Windows\system32;C:\Windows;C:\Windows\System32\Wbem;C:\Windows\System32\WindowsPowerShell\v1.0\;C:\Windows\System32\OpenSSH\;C:\Program Files\Microsoft SQL Server\150\Tools\Binn\;C:\Program Files\Microsoft SQL Server\Client SDK\ODBC\170\Tools\Binn\;C:\Program Files\dotnet\;C:\Program Files\apache-maven-3.9.5-bin\apache-maven-3.9.5\bin;C:\Program Files\Amazon\AWSCLIV2\;C:\Program Files\nodejs\;C:\ProgramData\chocolatey\bin;C:\Program Files\Kubernetes\Minikube;C:\minikube;C:\Program Files\RedHat\Podman\;C:\WINDOWS\system32;C:\WINDOWS;C:\WINDOWS\System32\Wbem;C:\WINDOWS\System32\WindowsPowerShell\v1.0\;C:\WINDOWS\System32\OpenSSH\;C:\cygwin64\bin;C:\msys64\ucrt64\bin;C:\Program Files\PuTTY\;C:\Program Files\NVIDIA Corporation\Nsight Compute 2025.1.1\;C:\Program Files\NVIDIA GPU Computing Toolkit\CUDA\v12.8\lib\x64;C:\Program Files\NVIDIA GPU Computing Toolkit\CUDA\v12.8\include;C:\Program Files\NVIDIA Corporation\NVIDIA app\NvDLISR;C:\Program Files (x86)\NVIDIA Corporation\PhysX\Common;C:\Program Files\Google\Chrome\Application\;C:\Program Files\Git\cmd;C:\Users\emtay\AppData\Local\Android\Sdk\cmdline-tools\latest\bin;C:\Users\emtay\AppData\Local\Android\Sdk\platform-tools;C:\Users\emtay\AppData\Local\Android\Sdk\emulator;;C:\Program Files\Docker\Docker\resources\bin;C:\Program Files\NVIDIA GPU Computing Toolkit\CUDA\v12.8\bin;C:\Users\emtay\AppData\Local\Programs\Microsoft VS Code\bin;C:\Users\emtay\flutter\bin;."/>
    <property name="java.vm.info" value="mixed mode, sharing"/>
    <property name="java.vendor" value="Amazon.com Inc."/>
    <property name="java.vm.version" value="17.0.15+6-LTS"/>
    <property name="java.specification.maintenance.version" value="1"/>
    <property name="sun.io.unicode.encoding" value="UnicodeLittle"/>
    <property name="java.class.version" value="61.0"/>
  </properties>
  <testcase name="testOnlyCheapFalse" classname="GoodFastCheapTest" time="0.003"/>
  <testcase name="testOnlyFastFalse" classname="GoodFastCheapTest" time="0.0"/>
  <testcase name="testGoodFastTrue" classname="GoodFastCheapTest" time="0.0"/>
  <testcase name="fastCheapTrue" classname="GoodFastCheapTest" time="0.0"/>
  <testcase name="testFastOnlyFast" classname="GoodFastCheapTest" time="0.0"/>
  <testcase name="testOnlyGoodFalse" classname="GoodFastCheapTest" time="0.0"/>
  <testcase name="testGoodOnlyFalse" classname="GoodFastCheapTest" time="0.0"/>
  <testcase name="testGoodCheapTrue" classname="GoodFastCheapTest" time="0.0"/>
</testsuite>